<?xml version="1.0" encoding="UTF-8"?>
<!-- Generated by org.testng.reporters.JUnitReportReporter -->
<testsuite skipped="0" hostname="GAURAV_CHAUHAN" name="testngpackage.FirstClass" tests="4" failures="0" timestamp="06 Jan 2019 09:31:30 GMT" time="0.032" errors="0">
  <testcase name="three" time="0.000" classname="testngpackage.FirstClass"/>
  <testcase name="two" time="0.000" classname="testngpackage.FirstClass"/>
  <testcase name="four" time="0.016" classname="testngpackage.FirstClass"/>
  <testcase name="one" time="0.016" classname="testngpackage.FirstClass"/>
</testsuite> <!-- testngpackage.FirstClass -->
