<?xml version="1.0" encoding="UTF-8"?>
<!-- Generated by org.testng.reporters.JUnitReportReporter -->
<testsuite skipped="2" hostname="GAURAV_CHAUHAN" name="testngpackage.Second" tests="4" failures="0" timestamp="06 Jan 2019 09:31:30 GMT" time="0.015" errors="0">
  <testcase name="eight" time="0.015" classname="testngpackage.Second"/>
  <testcase name="seven" time="0.000" classname="testngpackage.Second">
    <skipped/>
  </testcase> <!-- seven -->
  <testcase name="five" time="0.000" classname="testngpackage.Second"/>
  <testcase name="six" time="0.000" classname="testngpackage.Second">
    <skipped/>
  </testcase> <!-- six -->
</testsuite> <!-- testngpackage.Second -->
